{"session":"3684afec2b9b","build":"182.4129.33","bucket":"-1","time":1547637527856,"group":{"id":"lifecycle","version":"2"},"event":{"count":1,"data":{},"id":"ideaapp.started"}}
{"session":"3684afec2b9b","build":"182.4129.33","bucket":"-1","time":1547637527875,"group":{"id":"lifecycle","version":"2"},"event":{"count":1,"data":{},"id":"app.started"}}
{"session":"3684afec2b9b","build":"182.4129.33","bucket":"-1","time":1547637555759,"group":{"id":"trigger","version":"2"},"event":{"count":1,"data":{},"id":"welcome.screen.WelcomeScreen.CreateNewProject"}}
{"session":"3684afec2b9b","build":"182.4129.33","bucket":"-1","time":1547637555759,"group":{"id":"ui.dialogs","version":"2"},"event":{"count":1,"data":{"type":"show"},"id":"com.intellij.ide.projectWizard.NewProjectWizard"}}
{"session":"3684afec2b9b","build":"182.4129.33","bucket":"-1","time":1547637556400,"group":{"id":"ui.dialogs","version":"2"},"event":{"count":1,"data":{"type":"show"},"id":"com.intellij.openapi.progress.util.ProgressDialog$MyDialogWrapper"}}
{"session":"3684afec2b9b","build":"182.4129.33","bucket":"-1","time":1547637557056,"group":{"id":"ui.dialogs","version":"2"},"event":{"count":1,"data":{"code":1,"type":"close"},"id":"com.intellij.openapi.progress.util.ProgressDialog$MyDialogWrapper"}}
{"session":"3684afec2b9b","build":"182.4129.33","bucket":"-1","time":1547637565104,"group":{"id":"ui.dialogs","version":"2"},"event":{"count":1,"data":{"type":"show"},"id":"com.intellij.openapi.fileChooser.ex.FileChooserDialogImpl"}}
{"session":"3684afec2b9b","build":"182.4129.33","bucket":"-1","time":1547637572375,"group":{"id":"ui.dialogs","version":"2"},"event":{"count":1,"data":{"code":0,"type":"close"},"id":"com.intellij.openapi.fileChooser.ex.FileChooserDialogImpl"}}
{"session":"3684afec2b9b","build":"182.4129.33","bucket":"-1","time":1547637579031,"group":{"id":"ui.dialogs","version":"2"},"event":{"count":1,"data":{"code":0,"type":"close"},"id":"com.intellij.ide.projectWizard.NewProjectWizard"}}
{"session":"3684afec2b9b","build":"182.4129.33","bucket":"-1","time":1547637579844,"group":{"id":"lifecycle","version":"2"},"event":{"count":1,"data":{},"id":"project.opened"}}
{"session":"3684afec2b9b","build":"182.4129.33","bucket":"-1","time":1547637580438,"group":{"id":"ui.dialogs","version":"2"},"event":{"count":1,"data":{"type":"show"},"id":"com.intellij.openapi.progress.util.ProgressDialog$MyDialogWrapper"}}
{"session":"3684afec2b9b","build":"182.4129.33","bucket":"-1","time":1547637580579,"group":{"id":"ui.dialogs","version":"2"},"event":{"count":1,"data":{"type":"show"},"id":"com.intellij.ide.util.TipDialog"}}
{"session":"3684afec2b9b","build":"182.4129.33","bucket":"-1","time":1547637580626,"group":{"id":"ui.dialogs","version":"2"},"event":{"count":1,"data":{"code":1,"type":"close"},"id":"com.intellij.openapi.progress.util.ProgressDialog$MyDialogWrapper"}}
{"session":"3684afec2b9b","build":"182.4129.33","bucket":"-1","time":1547637580860,"group":{"id":"lifecycle","version":"2"},"event":{"count":1,"data":{"time.ms":1809},"id":"project.opening.finished"}}
{"session":"3684afec2b9b","build":"182.4129.33","bucket":"-1","time":1547637581782,"group":{"id":"ui.dialogs","version":"2"},"event":{"count":1,"data":{"code":1,"type":"close"},"id":"com.intellij.ide.util.TipDialog"}}
{"session":"3684afec2b9b","build":"182.4129.33","bucket":"-1","time":1547637604477,"group":{"id":"system.os.name","version":"2"},"event":{"data":{},"id":"Windows"}}
{"session":"3684afec2b9b","build":"182.4129.33","bucket":"-1","time":1547637604477,"group":{"id":"system.os.version","version":"2"},"event":{"data":{},"id":"10.0"}}
{"session":"3684afec2b9b","build":"182.4129.33","bucket":"-1","time":1547637604477,"group":{"id":"system.jvm.vendor","version":"2"},"event":{"data":{},"id":"JetBrains_s.r.o"}}
{"session":"3684afec2b9b","build":"182.4129.33","bucket":"-1","time":1547637604477,"group":{"id":"system.jvm.version","version":"2"},"event":{"data":{},"id":"1.8"}}
{"session":"3684afec2b9b","build":"182.4129.33","bucket":"-1","time":1547637604899,"group":{"id":"toolwindow","version":"2"},"event":{"count":1,"data":{},"id":"Project_by_Activation"}}
{"session":"3684afec2b9b","build":"182.4129.33","bucket":"-1","time":1547637606884,"group":{"id":"actions","version":"2"},"event":{"count":1,"data":{},"id":"third.party.plugin.action"}}
{"session":"3684afec2b9b","build":"182.4129.33","bucket":"-1","time":1547637606900,"group":{"id":"ui.dialogs","version":"2"},"event":{"count":1,"data":{"type":"show"},"id":"com.intellij.openapi.ui.messages.MessageDialog"}}
{"session":"3684afec2b9b","build":"182.4129.33","bucket":"-1","time":1547637942004,"group":{"id":"ui.dialogs","version":"2"},"event":{"count":1,"data":{"type":"show"},"id":"com.intellij.openapi.ui.messages.MessageDialog"}}
{"session":"3684afec2b9b","build":"182.4129.33","bucket":"-1","time":1547637943801,"group":{"id":"lifecycle","version":"2"},"event":{"count":1,"data":{"restart":false},"id":"app.closed"}}
{"session":"3684afec2b9b","build":"182.4129.33","bucket":"-1","time":1547637943973,"group":{"id":"lifecycle","version":"2"},"event":{"count":1,"data":{},"id":"project.closed"}}
{"session":"3684afec2b9b","build":"182.4129.33","bucket":"-1","time":1547637944613,"group":{"id":"lifecycle","version":"2"},"event":{"count":1,"data":{},"id":"ideaapp.closed"}}
